{"uuid":"232ff39e-3b57-4a3f-9cd0-ce4d12dc4e32","historyId":"aa4a9e99f170dd8bdf92f2323a81e335","fullName":"testSuite.TestInteractWithSelectAndAlertFieldsSuite.testingAlertPage","labels":[{"name":"package","value":"testSuite.TestInteractWithSelectAndAlertFieldsSuite"},{"name":"testClass","value":"testSuite.TestInteractWithSelectAndAlertFieldsSuite"},{"name":"testMethod","value":"testingAlertPage"},{"name":"parentSuite","value":"Unit Tests"},{"name":"suite","value":"Chrome Tests"},{"name":"subSuite","value":"testSuite.TestInteractWithSelectAndAlertFieldsSuite"},{"name":"host","value":"DESKTOP-7SJ24SJ"},{"name":"thread","value":"1724@DESKTOP-7SJ24SJ.main(1)"},{"name":"framework","value":"testng"},{"name":"language","value":"java"}],"links":[],"name":"Testing Alert page","status":"failed","statusDetails":{"known":false,"muted":false,"flaky":false,"message":"Alert not found\r\nScreenshot: file:/C:/Users/Sergey/IdeaProjects/GradleProject/build/reports/tests/1716287714661.0.png\r\nPage source: file:/C:/Users/Sergey/IdeaProjects/GradleProject/build/reports/tests/1716287714661.0.html\r\nTimeout: 5 s.\r\nCaused by: TimeoutException: Expected condition failed: waiting for alert to be present (tried for 5 second(s) with 200 milliseconds interval)","trace":"Alert not found\r\nScreenshot: file:/C:/Users/Sergey/IdeaProjects/GradleProject/build/reports/tests/1716287714661.0.png\r\nPage source: file:/C:/Users/Sergey/IdeaProjects/GradleProject/build/reports/tests/1716287714661.0.html\r\nTimeout: 5 s.\r\nCaused by: TimeoutException: Expected condition failed: waiting for alert to be present (tried for 5 second(s) with 200 milliseconds interval)\r\n\tat com.codeborne.selenide.SelenideTargetLocator.alertNotFoundError(SelenideTargetLocator.java:310)\r\n\tat com.codeborne.selenide.SelenideTargetLocator.alert(SelenideTargetLocator.java:185)\r\n\tat com.codeborne.selenide.Modal.lambda$confirm$0(Modal.java:29)\r\n\tat com.codeborne.selenide.logevents.SelenideLogger.wrap(SelenideLogger.java:133)\r\n\tat com.codeborne.selenide.logevents.SelenideLogger.get(SelenideLogger.java:113)\r\n\tat com.codeborne.selenide.Modal.confirm(Modal.java:28)\r\n\tat com.codeborne.selenide.Selenide.confirm(Selenide.java:626)\r\n\tat com.codeborne.selenide.Selenide.confirm(Selenide.java:601)\r\n\tat pages.InteractWithSelectAndAlertFieldsPage.acceptTheAlert(InteractWithSelectAndAlertFieldsPage.java:65)\r\n\tat testSuite.TestInteractWithSelectAndAlertFieldsSuite.testingAlertPage(TestInteractWithSelectAndAlertFieldsSuite.java:54)\r\n\tat java.base/jdk.internal.reflect.NativeMethodAccessorImpl.invoke0(Native Method)\r\n\tat java.base/jdk.internal.reflect.NativeMethodAccessorImpl.invoke(NativeMethodAccessorImpl.java:62)\r\n\tat java.base/jdk.internal.reflect.DelegatingMethodAccessorImpl.invoke(DelegatingMethodAccessorImpl.java:43)\r\n\tat java.base/java.lang.reflect.Method.invoke(Method.java:566)\r\n\tat org.testng.internal.MethodInvocationHelper.invokeMethod(MethodInvocationHelper.java:133)\r\n\tat org.testng.internal.TestInvoker.invokeMethod(TestInvoker.java:598)\r\n\tat org.testng.internal.TestInvoker.invokeTestMethod(TestInvoker.java:173)\r\n\tat org.testng.internal.MethodRunner.runInSequence(MethodRunner.java:46)\r\n\tat org.testng.internal.TestInvoker$MethodInvocationAgent.invoke(TestInvoker.java:824)\r\n\tat org.testng.internal.TestInvoker.invokeTestMethods(TestInvoker.java:146)\r\n\tat org.testng.internal.TestMethodWorker.invokeTestMethods(TestMethodWorker.java:146)\r\n\tat org.testng.internal.TestMethodWorker.run(TestMethodWorker.java:128)\r\n\tat java.base/java.util.ArrayList.forEach(ArrayList.java:1541)\r\n\tat org.testng.TestRunner.privateRun(TestRunner.java:794)\r\n\tat org.testng.TestRunner.run(TestRunner.java:596)\r\n\tat org.testng.SuiteRunner.runTest(SuiteRunner.java:377)\r\n\tat org.testng.SuiteRunner.runSequentially(SuiteRunner.java:371)\r\n\tat org.testng.SuiteRunner.privateRun(SuiteRunner.java:332)\r\n\tat org.testng.SuiteRunner.run(SuiteRunner.java:276)\r\n\tat org.testng.SuiteRunnerWorker.runSuite(SuiteRunnerWorker.java:53)\r\n\tat org.testng.SuiteRunnerWorker.run(SuiteRunnerWorker.java:96)\r\n\tat org.testng.TestNG.runSuitesSequentially(TestNG.java:1212)\r\n\tat org.testng.TestNG.runSuitesLocally(TestNG.java:1134)\r\n\tat org.testng.TestNG.runSuites(TestNG.java:1063)\r\n\tat org.testng.TestNG.run(TestNG.java:1031)\r\n\tat com.intellij.rt.testng.IDEARemoteTestNG.run(IDEARemoteTestNG.java:66)\r\n\tat com.intellij.rt.testng.RemoteTestNGStarter.main(RemoteTestNGStarter.java:109)\r\nCaused by: org.openqa.selenium.TimeoutException: Expected condition failed: waiting for alert to be present (tried for 5 second(s) with 200 milliseconds interval)\nBuild info: version: '4.13.0', revision: 'ba948ece5b*'\nSystem info: os.name: 'Windows 11', os.arch: 'amd64', os.version: '10.0', java.version: '11.0.16.1'\nDriver info: driver.version: unknown\r\n\tat org.openqa.selenium.support.ui.FluentWait.timeoutException(FluentWait.java:262)\r\n\tat org.openqa.selenium.support.ui.FluentWait.until(FluentWait.java:230)\r\n\tat com.codeborne.selenide.SelenideTargetLocator.alert(SelenideTargetLocator.java:182)\r\n\t... 35 more\r\n"},"stage":"finished","steps":[],"attachments":[],"parameters":[{"name":"browser","value":"chrome"}],"start":1716287707941,"stop":1716287715253}