{"uuid":"f2ecf6cc-1679-4089-a2e3-b45850a2f74d","historyId":"4b51c1459ff208d64fdfa3fe6100a4e5","fullName":"testSuite.TestInteractWithSelectAndAlertFieldsSuite.testingAlertPage","labels":[{"name":"package","value":"testSuite.TestInteractWithSelectAndAlertFieldsSuite"},{"name":"testClass","value":"testSuite.TestInteractWithSelectAndAlertFieldsSuite"},{"name":"testMethod","value":"testingAlertPage"},{"name":"parentSuite","value":"SuiteFortestSuite.TestInteractWithSelectAndAlertFieldsSuite"},{"name":"suite","value":"testSuite.TestInteractWithSelectAndAlertFieldsSuite"},{"name":"subSuite","value":"testSuite.TestInteractWithSelectAndAlertFieldsSuite"},{"name":"host","value":"DESKTOP-7SJ24SJ"},{"name":"thread","value":"13372@DESKTOP-7SJ24SJ.main(1)"},{"name":"framework","value":"testng"},{"name":"language","value":"java"}],"links":[],"name":"Testing Alert page","status":"failed","statusDetails":{"known":false,"muted":false,"flaky":false,"message":"Invalid element state [By.id: modern]: element click intercepted: Element <button id=\"modern\" class=\"button is-success\">...</button> is not clickable at point (176, 20). Other element would receive the click: <a _ngcontent-serverapp-c98=\"\" routerlinkactive=\"is-tab\" routerlink=\"/test\" id=\"testing\" class=\"navbar-item\" href=\"/test\">...</a>\r\nScreenshot: file:/C:/Users/Sergey/IdeaProjects/GradleProject/build/reports/tests/1716287587385.0.png\r\nPage source: file:/C:/Users/Sergey/IdeaProjects/GradleProject/build/reports/tests/1716287587385.0.html\r\nTimeout: 5 s.\r\nCaused by: ElementClickInterceptedException: element click intercepted: Element <button id=\"modern\" class=\"button is-success\">...</button> is not clickable at point (176, 20). Other element would receive the click: <a _ngcontent-serverapp-c98=\"\" routerlinkactive=\"is-tab\" routerlink=\"/test\" id=\"testing\" class=\"navbar-item\" href=\"/test\">...</a>","trace":"Invalid element state [By.id: modern]: element click intercepted: Element <button id=\"modern\" class=\"button is-success\">...</button> is not clickable at point (176, 20). Other element would receive the click: <a _ngcontent-serverapp-c98=\"\" routerlinkactive=\"is-tab\" routerlink=\"/test\" id=\"testing\" class=\"navbar-item\" href=\"/test\">...</a>\r\nScreenshot: file:/C:/Users/Sergey/IdeaProjects/GradleProject/build/reports/tests/1716287587385.0.png\r\nPage source: file:/C:/Users/Sergey/IdeaProjects/GradleProject/build/reports/tests/1716287587385.0.html\r\nTimeout: 5 s.\r\nCaused by: ElementClickInterceptedException: element click intercepted: Element <button id=\"modern\" class=\"button is-success\">...</button> is not clickable at point (176, 20). Other element would receive the click: <a _ngcontent-serverapp-c98=\"\" routerlinkactive=\"is-tab\" routerlink=\"/test\" id=\"testing\" class=\"navbar-item\" href=\"/test\">...</a>\r\n\tat com.codeborne.selenide.impl.ExceptionWrapper.wrap(ExceptionWrapper.java:26)\r\n\tat com.codeborne.selenide.impl.SelenideElementProxy.dispatchAndRetry(SelenideElementProxy.java:154)\r\n\tat com.codeborne.selenide.impl.SelenideElementProxy.invoke(SelenideElementProxy.java:84)\r\n\tat com.sun.proxy.$Proxy16.click(Unknown Source)\r\n\tat pages.InteractWithSelectAndAlertFieldsPage.sweetAlert(InteractWithSelectAndAlertFieldsPage.java:83)\r\n\tat testSuite.TestInteractWithSelectAndAlertFieldsSuite.testingAlertPage(TestInteractWithSelectAndAlertFieldsSuite.java:57)\r\n\tat java.base/jdk.internal.reflect.NativeMethodAccessorImpl.invoke0(Native Method)\r\n\tat java.base/jdk.internal.reflect.NativeMethodAccessorImpl.invoke(NativeMethodAccessorImpl.java:62)\r\n\tat java.base/jdk.internal.reflect.DelegatingMethodAccessorImpl.invoke(DelegatingMethodAccessorImpl.java:43)\r\n\tat java.base/java.lang.reflect.Method.invoke(Method.java:566)\r\n\tat org.testng.internal.MethodInvocationHelper.invokeMethod(MethodInvocationHelper.java:133)\r\n\tat org.testng.internal.TestInvoker.invokeMethod(TestInvoker.java:598)\r\n\tat org.testng.internal.TestInvoker.invokeTestMethod(TestInvoker.java:173)\r\n\tat org.testng.internal.MethodRunner.runInSequence(MethodRunner.java:46)\r\n\tat org.testng.internal.TestInvoker$MethodInvocationAgent.invoke(TestInvoker.java:824)\r\n\tat org.testng.internal.TestInvoker.invokeTestMethods(TestInvoker.java:146)\r\n\tat org.testng.internal.TestMethodWorker.invokeTestMethods(TestMethodWorker.java:146)\r\n\tat org.testng.internal.TestMethodWorker.run(TestMethodWorker.java:128)\r\n\tat java.base/java.util.ArrayList.forEach(ArrayList.java:1541)\r\n\tat org.testng.TestRunner.privateRun(TestRunner.java:794)\r\n\tat org.testng.TestRunner.run(TestRunner.java:596)\r\n\tat org.testng.SuiteRunner.runTest(SuiteRunner.java:377)\r\n\tat org.testng.SuiteRunner.runSequentially(SuiteRunner.java:371)\r\n\tat org.testng.SuiteRunner.privateRun(SuiteRunner.java:332)\r\n\tat org.testng.SuiteRunner.run(SuiteRunner.java:276)\r\n\tat org.testng.SuiteRunnerWorker.runSuite(SuiteRunnerWorker.java:53)\r\n\tat org.testng.SuiteRunnerWorker.run(SuiteRunnerWorker.java:96)\r\n\tat org.testng.TestNG.runSuitesSequentially(TestNG.java:1212)\r\n\tat org.testng.TestNG.runSuitesLocally(TestNG.java:1134)\r\n\tat org.testng.TestNG.runSuites(TestNG.java:1063)\r\n\tat org.testng.TestNG.run(TestNG.java:1031)\r\n\tat testRunner.Runner.main(Runner.java:30)\r\nCaused by: org.openqa.selenium.ElementClickInterceptedException: element click intercepted: Element <button id=\"modern\" class=\"button is-success\">...</button> is not clickable at point (176, 20). Other element would receive the click: <a _ngcontent-serverapp-c98=\"\" routerlinkactive=\"is-tab\" routerlink=\"/test\" id=\"testing\" class=\"navbar-item\" href=\"/test\">...</a>\n  (Session info: chrome=125.0.6422.60)\nBuild info: version: '4.13.0', revision: 'ba948ece5b*'\nSystem info: os.name: 'Windows 11', os.arch: 'amd64', os.version: '10.0', java.version: '11.0.16.1'\nDriver info: org.openqa.selenium.chrome.ChromeDriver\nCommand: [ea8ffae702b9942895b442f0e152de02, clickElement {id=f.1809FB87F06B358704C3274C3BCC8176.d.42496EF132EAF2C8CABF4CE9243D2B25.e.182}]\nCapabilities {acceptInsecureCerts: true, browserName: chrome, browserVersion: 125.0.6422.60, chrome: {chromedriverVersion: 125.0.6422.60 (3ac3319bff9f..., userDataDir: C:\\Users\\Sergey\\AppData\\Loc...}, fedcm:accounts: true, goog:chromeOptions: {debuggerAddress: localhost:38640}, networkConnectionEnabled: false, pageLoadStrategy: normal, platformName: windows, proxy: Proxy(), se:cdp: ws://localhost:38640/devtoo..., se:cdpVersion: 125.0.6422.60, setWindowRect: true, strictFileInteractability: false, timeouts: {implicit: 0, pageLoad: 300000, script: 30000}, unhandledPromptBehavior: accept, webauthn:extension:credBlob: true, webauthn:extension:largeBlob: true, webauthn:extension:minPinLength: true, webauthn:extension:prf: true, webauthn:virtualAuthenticators: true}\nElement: [[ChromeDriver: chrome on windows (ea8ffae702b9942895b442f0e152de02)] -> id: modern]\nSession ID: ea8ffae702b9942895b442f0e152de02\r\n\tat java.base/jdk.internal.reflect.NativeConstructorAccessorImpl.newInstance0(Native Method)\r\n\tat java.base/jdk.internal.reflect.NativeConstructorAccessorImpl.newInstance(NativeConstructorAccessorImpl.java:62)\r\n\tat java.base/jdk.internal.reflect.DelegatingConstructorAccessorImpl.newInstance(DelegatingConstructorAccessorImpl.java:45)\r\n\tat java.base/java.lang.reflect.Constructor.newInstance(Constructor.java:490)\r\n\tat org.openqa.selenium.remote.codec.w3c.W3CHttpResponseCodec.createException(W3CHttpResponseCodec.java:200)\r\n\tat org.openqa.selenium.remote.codec.w3c.W3CHttpResponseCodec.decode(W3CHttpResponseCodec.java:133)\r\n\tat org.openqa.selenium.remote.codec.w3c.W3CHttpResponseCodec.decode(W3CHttpResponseCodec.java:52)\r\n\tat org.openqa.selenium.remote.HttpCommandExecutor.execute(HttpCommandExecutor.java:191)\r\n\tat org.openqa.selenium.remote.service.DriverCommandExecutor.invokeExecute(DriverCommandExecutor.java:196)\r\n\tat org.openqa.selenium.remote.service.DriverCommandExecutor.execute(DriverCommandExecutor.java:171)\r\n\tat org.openqa.selenium.remote.RemoteWebDriver.execute(RemoteWebDriver.java:602)\r\n\tat org.openqa.selenium.remote.RemoteWebElement.execute(RemoteWebElement.java:224)\r\n\tat org.openqa.selenium.remote.RemoteWebElement.click(RemoteWebElement.java:77)\r\n\tat com.codeborne.selenide.commands.Click.defaultClick(Click.java:97)\r\n\tat com.codeborne.selenide.commands.Click.click(Click.java:54)\r\n\tat com.codeborne.selenide.commands.Click.execute(Click.java:31)\r\n\tat com.codeborne.selenide.commands.Click.execute(Click.java:21)\r\n\tat com.codeborne.selenide.commands.Commands.execute(Commands.java:165)\r\n\tat com.codeborne.selenide.impl.SelenideElementProxy.dispatchAndRetry(SelenideElementProxy.java:132)\r\n\t... 30 more\r\n"},"stage":"finished","steps":[],"attachments":[],"parameters":[],"start":1716287579742,"stop":1716287588017}