<?xml version="1.0" encoding="UTF-8"?>
<!-- Generated by org.testng.reporters.JUnitXMLReporter -->
<testsuite ignored="0" hostname="DESKTOP-7SJ24SJ" failures="1" tests="5" name="testSuite.TestInteractWithSelectAndAlertFieldsSuite" time="28.493" errors="0" timestamp="2024-05-21T13:33:15 EEST">
  <testcase classname="testSuite.TestInteractWithSelectAndAlertFieldsSuite" name="openDialogPage" time="3.159"/>
  <testcase classname="testSuite.TestInteractWithSelectAndAlertFieldsSuite" name="openLetcodePage" time="1.79"/>
  <testcase classname="testSuite.TestInteractWithSelectAndAlertFieldsSuite" name="openSelectPage" time="1.556"/>
  <testcase classname="testSuite.TestInteractWithSelectAndAlertFieldsSuite" name="testingAlertPage" time="8.266">
    <failure type="com.codeborne.selenide.ex.InvalidStateException" message="Invalid element state [By.id: modern]: element click intercepted: Element &amp;lt;button id=&amp;quot;modern&amp;quot; class=&amp;quot;button is-success&amp;quot;&amp;gt;...&amp;lt;/button&amp;gt; is not clickable at point (176, 20). Other element would receive the click: &amp;lt;a _ngcontent-serverapp-c98=&amp;quot;&amp;quot; routerlinkactive=&amp;quot;is-tab&amp;quot; routerlink=&amp;quot;/test&amp;quot; id=&amp;quot;testing&amp;quot; class=&amp;quot;navbar-item&amp;quot; href=&amp;quot;/test&amp;quot;&amp;gt;...&amp;lt;/a&amp;gt;
Screenshot: file:/C:/Users/Sergey/IdeaProjects/GradleProject/build/reports/tests/1716287587385.0.png
Page source: file:/C:/Users/Sergey/IdeaProjects/GradleProject/build/reports/tests/1716287587385.0.html
Timeout: 5 s.
Caused by: ElementClickInterceptedException: element click intercepted: Element &amp;lt;button id=&amp;quot;modern&amp;quot; class=&amp;quot;button is-success&amp;quot;&amp;gt;...&amp;lt;/button&amp;gt; is not clickable at point (176, 20). Other element would receive the click: &amp;lt;a _ngcontent-serverapp-c98=&amp;quot;&amp;quot; routerlinkactive=&amp;quot;is-tab&amp;quot; routerlink=&amp;quot;/test&amp;quot; id=&amp;quot;testing&amp;quot; class=&amp;quot;navbar-item&amp;quot; href=&amp;quot;/test&amp;quot;&amp;gt;...&amp;lt;/a&amp;gt;">
      <![CDATA[Invalid element state [By.id: modern]: element click intercepted: Element <button id="modern" class="button is-success">...</button> is not clickable at point (176, 20). Other element would receive the click: <a _ngcontent-serverapp-c98="" routerlinkactive="is-tab" routerlink="/test" id="testing" class="navbar-item" href="/test">...</a>
Screenshot: file:/C:/Users/Sergey/IdeaProjects/GradleProject/build/reports/tests/1716287587385.0.png
Page source: file:/C:/Users/Sergey/IdeaProjects/GradleProject/build/reports/tests/1716287587385.0.html
Timeout: 5 s.
Caused by: ElementClickInterceptedException: element click intercepted: Element <button id="modern" class="button is-success">...</button> is not clickable at point (176, 20). Other element would receive the click: <a _ngcontent-serverapp-c98="" routerlinkactive="is-tab" routerlink="/test" id="testing" class="navbar-item" href="/test">...</a>
at com.codeborne.selenide.impl.ExceptionWrapper.wrap(ExceptionWrapper.java:26)
at com.codeborne.selenide.impl.SelenideElementProxy.dispatchAndRetry(SelenideElementProxy.java:154)
at com.codeborne.selenide.impl.SelenideElementProxy.invoke(SelenideElementProxy.java:84)
at com.sun.proxy.$Proxy16.click(Unknown Source)
at pages.InteractWithSelectAndAlertFieldsPage.sweetAlert(InteractWithSelectAndAlertFieldsPage.java:83)
at testSuite.TestInteractWithSelectAndAlertFieldsSuite.testingAlertPage(TestInteractWithSelectAndAlertFieldsSuite.java:57)
at java.base/java.util.ArrayList.forEach(ArrayList.java:1541)
at testRunner.Runner.main(Runner.java:30)
Caused by: org.openqa.selenium.ElementClickInterceptedException: element click intercepted: Element <button id="modern" class="button is-success">...</button> is not clickable at point (176, 20). Other element would receive the click: <a _ngcontent-serverapp-c98="" routerlinkactive="is-tab" routerlink="/test" id="testing" class="navbar-item" href="/test">...</a>
  (Session info: chrome=125.0.6422.60)
Build info: version: '4.13.0', revision: 'ba948ece5b*'
System info: os.name: 'Windows 11', os.arch: 'amd64', os.version: '10.0', java.version: '11.0.16.1'
Driver info: org.openqa.selenium.chrome.ChromeDriver
Command: [ea8ffae702b9942895b442f0e152de02, clickElement {id=f.1809FB87F06B358704C3274C3BCC8176.d.42496EF132EAF2C8CABF4CE9243D2B25.e.182}]
Capabilities {acceptInsecureCerts: true, browserName: chrome, browserVersion: 125.0.6422.60, chrome: {chromedriverVersion: 125.0.6422.60 (3ac3319bff9f..., userDataDir: C:\Users\Sergey\AppData\Loc...}, fedcm:accounts: true, goog:chromeOptions: {debuggerAddress: localhost:38640}, networkConnectionEnabled: false, pageLoadStrategy: normal, platformName: windows, proxy: Proxy(), se:cdp: ws://localhost:38640/devtoo..., se:cdpVersion: 125.0.6422.60, setWindowRect: true, strictFileInteractability: false, timeouts: {implicit: 0, pageLoad: 300000, script: 30000}, unhandledPromptBehavior: accept, webauthn:extension:credBlob: true, webauthn:extension:largeBlob: true, webauthn:extension:minPinLength: true, webauthn:extension:prf: true, webauthn:virtualAuthenticators: true}
Element: [[ChromeDriver: chrome on windows (ea8ffae702b9942895b442f0e152de02)] -> id: modern]
Session ID: ea8ffae702b9942895b442f0e152de02
at org.openqa.selenium.remote.codec.w3c.W3CHttpResponseCodec.createException(W3CHttpResponseCodec.java:200)
at org.openqa.selenium.remote.codec.w3c.W3CHttpResponseCodec.decode(W3CHttpResponseCodec.java:133)
at org.openqa.selenium.remote.codec.w3c.W3CHttpResponseCodec.decode(W3CHttpResponseCodec.java:52)
at org.openqa.selenium.remote.HttpCommandExecutor.execute(HttpCommandExecutor.java:191)
at org.openqa.selenium.remote.service.DriverCommandExecutor.invokeExecute(DriverCommandExecutor.java:196)
at org.openqa.selenium.remote.service.DriverCommandExecutor.execute(DriverCommandExecutor.java:171)
at org.openqa.selenium.remote.RemoteWebDriver.execute(RemoteWebDriver.java:602)
at org.openqa.selenium.remote.RemoteWebElement.execute(RemoteWebElement.java:224)
at org.openqa.selenium.remote.RemoteWebElement.click(RemoteWebElement.java:77)
at com.codeborne.selenide.commands.Click.defaultClick(Click.java:97)
at com.codeborne.selenide.commands.Click.click(Click.java:54)
at com.codeborne.selenide.commands.Click.execute(Click.java:31)
at com.codeborne.selenide.commands.Click.execute(Click.java:21)
at com.codeborne.selenide.commands.Commands.execute(Commands.java:165)
at com.codeborne.selenide.impl.SelenideElementProxy.dispatchAndRetry(SelenideElementProxy.java:132)
... 30 more
... Removed 28 stack frames]]>
    </failure>
  </testcase> <!-- testingAlertPage -->
  <testcase classname="testSuite.TestInteractWithSelectAndAlertFieldsSuite" name="testingDropdownPage" time="6.787"/>
</testsuite> <!-- testSuite.TestInteractWithSelectAndAlertFieldsSuite -->
