<html>
<head>
<title>TestNG:  testSuite.TestInteractWithSelectAndAlertFieldsSuite</title>
<link href="../testng.css" rel="stylesheet" type="text/css" />
<link href="../my-testng.css" rel="stylesheet" type="text/css" />

<style type="text/css">
.log { display: none;} 
.stack-trace { display: none;} 
</style>
<script type="text/javascript">
<!--
function flip(e) {
  current = e.style.display;
  if (current == 'block') {
    e.style.display = 'none';
    return 0;
  }
  else {
    e.style.display = 'block';
    return 1;
  }
}

function toggleBox(szDivId, elem, msg1, msg2)
{
  var res = -1;  if (document.getElementById) {
    res = flip(document.getElementById(szDivId));
  }
  else if (document.all) {
    // this is the way old msie versions work
    res = flip(document.all[szDivId]);
  }
  if(elem) {
    if(res == 0) elem.innerHTML = msg1; else elem.innerHTML = msg2;
  }

}

function toggleAllBoxes() {
  if (document.getElementsByTagName) {
    d = document.getElementsByTagName('div');
    for (i = 0; i < d.length; i++) {
      if (d[i].className == 'log') {
        flip(d[i]);
      }
    }
  }
}

// -->
</script>

</head>
<body>
<h2 align='center'>testSuite.TestInteractWithSelectAndAlertFieldsSuite</h2><table border='1' align="center">
<tr>
<td>Tests passed/Failed/Skipped:</td><td>4/1/0</td>
</tr><tr>
<td>Started on:</td><td>Tue May 21 13:32:47 EEST 2024</td>
</tr>
<tr><td>Total time:</td><td>28 seconds (28493 ms)</td>
</tr><tr>
<td>Included groups:</td><td></td>
</tr><tr>
<td>Excluded groups:</td><td></td>
</tr>
</table><p/>
<small><i>(Hover the method name to see the test class name)</i></small><p/>
<table width='100%' border='1' class='invocation-failed'>
<tr><td colspan='4' align='center'><b>FAILED TESTS</b></td></tr>
<tr><td><b>Test method</b></td>
<td width="30%"><b>Exception</b></td>
<td width="10%"><b>Time (seconds)</b></td>
<td><b>Instance</b></td>
</tr>
<tr>
<td title='testSuite.TestInteractWithSelectAndAlertFieldsSuite.testingAlertPage()'><b>testingAlertPage</b><br>Test class: testSuite.TestInteractWithSelectAndAlertFieldsSuite<br>Test method: Testing Alert page</td>
<td><div><pre>Invalid element state [By.id: modern]: element click intercepted: Element &lt;button id=&quot;modern&quot; class=&quot;button is-success&quot;&gt;...&lt;/button&gt; is not clickable at point (176, 20). Other element would receive the click: &lt;a _ngcontent-serverapp-c98=&quot;&quot; routerlinkactive=&quot;is-tab&quot; routerlink=&quot;/test&quot; id=&quot;testing&quot; class=&quot;navbar-item&quot; href=&quot;/test&quot;&gt;...&lt;/a&gt;
Screenshot: file:/C:/Users/Sergey/IdeaProjects/GradleProject/build/reports/tests/1716287587385.0.png
Page source: file:/C:/Users/Sergey/IdeaProjects/GradleProject/build/reports/tests/1716287587385.0.html
Timeout: 5 s.
Caused by: ElementClickInterceptedException: element click intercepted: Element &lt;button id=&quot;modern&quot; class=&quot;button is-success&quot;&gt;...&lt;/button&gt; is not clickable at point (176, 20). Other element would receive the click: &lt;a _ngcontent-serverapp-c98=&quot;&quot; routerlinkactive=&quot;is-tab&quot; routerlink=&quot;/test&quot; id=&quot;testing&quot; class=&quot;navbar-item&quot; href=&quot;/test&quot;&gt;...&lt;/a&gt;
	at com.codeborne.selenide.impl.ExceptionWrapper.wrap(ExceptionWrapper.java:26)
	at com.codeborne.selenide.impl.SelenideElementProxy.dispatchAndRetry(SelenideElementProxy.java:154)
	at com.codeborne.selenide.impl.SelenideElementProxy.invoke(SelenideElementProxy.java:84)
	at com.sun.proxy.$Proxy16.click(Unknown Source)
	at pages.InteractWithSelectAndAlertFieldsPage.sweetAlert(InteractWithSelectAndAlertFieldsPage.java:83)
	at testSuite.TestInteractWithSelectAndAlertFieldsSuite.testingAlertPage(TestInteractWithSelectAndAlertFieldsSuite.java:57)
	at java.base/java.util.ArrayList.forEach(ArrayList.java:1541)
	at testRunner.Runner.main(Runner.java:30)
Caused by: org.openqa.selenium.ElementClickInterceptedException: element click intercepted: Element &lt;button id=&quot;modern&quot; class=&quot;button is-success&quot;&gt;...&lt;/button&gt; is not clickable at point (176, 20). Other element would receive the click: &lt;a _ngcontent-serverapp-c98=&quot;&quot; routerlinkactive=&quot;is-tab&quot; routerlink=&quot;/test&quot; id=&quot;testing&quot; class=&quot;navbar-item&quot; href=&quot;/test&quot;&gt;...&lt;/a&gt;
  (Session info: chrome=125.0.6422.60)
Build info: version: &apos;4.13.0&apos;, revision: &apos;ba948ece5b*&apos;
System info: os.name: &apos;Windows 11&apos;, os.arch: &apos;amd64&apos;, os.version: &apos;10.0&apos;, java.version: &apos;11.0.16.1&apos;
Driver info: org.openqa.selenium.chrome.ChromeDriver
Command: [ea8ffae702b9942895b442f0e152de02, clickElement {id=f.1809FB87F06B358704C3274C3BCC8176.d.42496EF132EAF2C8CABF4CE9243D2B25.e.182}]
Capabilities {acceptInsecureCerts: true, browserName: chrome, browserVersion: 125.0.6422.60, chrome: {chromedriverVersion: 125.0.6422.60 (3ac3319bff9f..., userDataDir: C:\Users\Sergey\AppData\Loc...}, fedcm:accounts: true, goog:chromeOptions: {debuggerAddress: localhost:38640}, networkConnectionEnabled: false, pageLoadStrategy: normal, platformName: windows, proxy: Proxy(), se:cdp: ws://localhost:38640/devtoo..., se:cdpVersion: 125.0.6422.60, setWindowRect: true, strictFileInteractability: false, timeouts: {implicit: 0, pageLoad: 300000, script: 30000}, unhandledPromptBehavior: accept, webauthn:extension:credBlob: true, webauthn:extension:largeBlob: true, webauthn:extension:minPinLength: true, webauthn:extension:prf: true, webauthn:virtualAuthenticators: true}
Element: [[ChromeDriver: chrome on windows (ea8ffae702b9942895b442f0e152de02)] -&gt; id: modern]
Session ID: ea8ffae702b9942895b442f0e152de02
	at org.openqa.selenium.remote.codec.w3c.W3CHttpResponseCodec.createException(W3CHttpResponseCodec.java:200)
	at org.openqa.selenium.remote.codec.w3c.W3CHttpResponseCodec.decode(W3CHttpResponseCodec.java:133)
	at org.openqa.selenium.remote.codec.w3c.W3CHttpResponseCodec.decode(W3CHttpResponseCodec.java:52)
	at org.openqa.selenium.remote.HttpCommandExecutor.execute(HttpCommandExecutor.java:191)
	at org.openqa.selenium.remote.service.DriverCommandExecutor.invokeExecute(DriverCommandExecutor.java:196)
	at org.openqa.selenium.remote.service.DriverCommandExecutor.execute(DriverCommandExecutor.java:171)
	at org.openqa.selenium.remote.RemoteWebDriver.execute(RemoteWebDriver.java:602)
	at org.openqa.selenium.remote.RemoteWebElement.execute(RemoteWebElement.java:224)
	at org.openqa.selenium.remote.RemoteWebElement.click(RemoteWebElement.java:77)
	at com.codeborne.selenide.commands.Click.defaultClick(Click.java:97)
	at com.codeborne.selenide.commands.Click.click(Click.java:54)
	at com.codeborne.selenide.commands.Click.execute(Click.java:31)
	at com.codeborne.selenide.commands.Click.execute(Click.java:21)
	at com.codeborne.selenide.commands.Commands.execute(Commands.java:165)
	at com.codeborne.selenide.impl.SelenideElementProxy.dispatchAndRetry(SelenideElementProxy.java:132)
	... 30 more
... Removed 28 stack frames</pre></div><a href='#' onClick='toggleBox("stack-trace2068279617", this, "Click to show all stack frames", "Click to hide stack frames")'>Click to show all stack frames</a>
<div class='stack-trace' id='stack-trace2068279617'><pre>Invalid element state [By.id: modern]: element click intercepted: Element &lt;button id=&quot;modern&quot; class=&quot;button is-success&quot;&gt;...&lt;/button&gt; is not clickable at point (176, 20). Other element would receive the click: &lt;a _ngcontent-serverapp-c98=&quot;&quot; routerlinkactive=&quot;is-tab&quot; routerlink=&quot;/test&quot; id=&quot;testing&quot; class=&quot;navbar-item&quot; href=&quot;/test&quot;&gt;...&lt;/a&gt;
Screenshot: file:/C:/Users/Sergey/IdeaProjects/GradleProject/build/reports/tests/1716287587385.0.png
Page source: file:/C:/Users/Sergey/IdeaProjects/GradleProject/build/reports/tests/1716287587385.0.html
Timeout: 5 s.
Caused by: ElementClickInterceptedException: element click intercepted: Element &lt;button id=&quot;modern&quot; class=&quot;button is-success&quot;&gt;...&lt;/button&gt; is not clickable at point (176, 20). Other element would receive the click: &lt;a _ngcontent-serverapp-c98=&quot;&quot; routerlinkactive=&quot;is-tab&quot; routerlink=&quot;/test&quot; id=&quot;testing&quot; class=&quot;navbar-item&quot; href=&quot;/test&quot;&gt;...&lt;/a&gt;
	at com.codeborne.selenide.impl.ExceptionWrapper.wrap(ExceptionWrapper.java:26)
	at com.codeborne.selenide.impl.SelenideElementProxy.dispatchAndRetry(SelenideElementProxy.java:154)
	at com.codeborne.selenide.impl.SelenideElementProxy.invoke(SelenideElementProxy.java:84)
	at com.sun.proxy.$Proxy16.click(Unknown Source)
	at pages.InteractWithSelectAndAlertFieldsPage.sweetAlert(InteractWithSelectAndAlertFieldsPage.java:83)
	at testSuite.TestInteractWithSelectAndAlertFieldsSuite.testingAlertPage(TestInteractWithSelectAndAlertFieldsSuite.java:57)
	at java.base/jdk.internal.reflect.NativeMethodAccessorImpl.invoke0(Native Method)
	at java.base/jdk.internal.reflect.NativeMethodAccessorImpl.invoke(NativeMethodAccessorImpl.java:62)
	at java.base/jdk.internal.reflect.DelegatingMethodAccessorImpl.invoke(DelegatingMethodAccessorImpl.java:43)
	at java.base/java.lang.reflect.Method.invoke(Method.java:566)
	at org.testng.internal.MethodInvocationHelper.invokeMethod(MethodInvocationHelper.java:133)
	at org.testng.internal.TestInvoker.invokeMethod(TestInvoker.java:598)
	at org.testng.internal.TestInvoker.invokeTestMethod(TestInvoker.java:173)
	at org.testng.internal.MethodRunner.runInSequence(MethodRunner.java:46)
	at org.testng.internal.TestInvoker$MethodInvocationAgent.invoke(TestInvoker.java:824)
	at org.testng.internal.TestInvoker.invokeTestMethods(TestInvoker.java:146)
	at org.testng.internal.TestMethodWorker.invokeTestMethods(TestMethodWorker.java:146)
	at org.testng.internal.TestMethodWorker.run(TestMethodWorker.java:128)
	at java.base/java.util.ArrayList.forEach(ArrayList.java:1541)
	at org.testng.TestRunner.privateRun(TestRunner.java:794)
	at org.testng.TestRunner.run(TestRunner.java:596)
	at org.testng.SuiteRunner.runTest(SuiteRunner.java:377)
	at org.testng.SuiteRunner.runSequentially(SuiteRunner.java:371)
	at org.testng.SuiteRunner.privateRun(SuiteRunner.java:332)
	at org.testng.SuiteRunner.run(SuiteRunner.java:276)
	at org.testng.SuiteRunnerWorker.runSuite(SuiteRunnerWorker.java:53)
	at org.testng.SuiteRunnerWorker.run(SuiteRunnerWorker.java:96)
	at org.testng.TestNG.runSuitesSequentially(TestNG.java:1212)
	at org.testng.TestNG.runSuitesLocally(TestNG.java:1134)
	at org.testng.TestNG.runSuites(TestNG.java:1063)
	at org.testng.TestNG.run(TestNG.java:1031)
	at testRunner.Runner.main(Runner.java:30)
Caused by: org.openqa.selenium.ElementClickInterceptedException: element click intercepted: Element &lt;button id=&quot;modern&quot; class=&quot;button is-success&quot;&gt;...&lt;/button&gt; is not clickable at point (176, 20). Other element would receive the click: &lt;a _ngcontent-serverapp-c98=&quot;&quot; routerlinkactive=&quot;is-tab&quot; routerlink=&quot;/test&quot; id=&quot;testing&quot; class=&quot;navbar-item&quot; href=&quot;/test&quot;&gt;...&lt;/a&gt;
  (Session info: chrome=125.0.6422.60)
Build info: version: &apos;4.13.0&apos;, revision: &apos;ba948ece5b*&apos;
System info: os.name: &apos;Windows 11&apos;, os.arch: &apos;amd64&apos;, os.version: &apos;10.0&apos;, java.version: &apos;11.0.16.1&apos;
Driver info: org.openqa.selenium.chrome.ChromeDriver
Command: [ea8ffae702b9942895b442f0e152de02, clickElement {id=f.1809FB87F06B358704C3274C3BCC8176.d.42496EF132EAF2C8CABF4CE9243D2B25.e.182}]
Capabilities {acceptInsecureCerts: true, browserName: chrome, browserVersion: 125.0.6422.60, chrome: {chromedriverVersion: 125.0.6422.60 (3ac3319bff9f..., userDataDir: C:\Users\Sergey\AppData\Loc...}, fedcm:accounts: true, goog:chromeOptions: {debuggerAddress: localhost:38640}, networkConnectionEnabled: false, pageLoadStrategy: normal, platformName: windows, proxy: Proxy(), se:cdp: ws://localhost:38640/devtoo..., se:cdpVersion: 125.0.6422.60, setWindowRect: true, strictFileInteractability: false, timeouts: {implicit: 0, pageLoad: 300000, script: 30000}, unhandledPromptBehavior: accept, webauthn:extension:credBlob: true, webauthn:extension:largeBlob: true, webauthn:extension:minPinLength: true, webauthn:extension:prf: true, webauthn:virtualAuthenticators: true}
Element: [[ChromeDriver: chrome on windows (ea8ffae702b9942895b442f0e152de02)] -&gt; id: modern]
Session ID: ea8ffae702b9942895b442f0e152de02
	at java.base/jdk.internal.reflect.NativeConstructorAccessorImpl.newInstance0(Native Method)
	at java.base/jdk.internal.reflect.NativeConstructorAccessorImpl.newInstance(NativeConstructorAccessorImpl.java:62)
	at java.base/jdk.internal.reflect.DelegatingConstructorAccessorImpl.newInstance(DelegatingConstructorAccessorImpl.java:45)
	at java.base/java.lang.reflect.Constructor.newInstance(Constructor.java:490)
	at org.openqa.selenium.remote.codec.w3c.W3CHttpResponseCodec.createException(W3CHttpResponseCodec.java:200)
	at org.openqa.selenium.remote.codec.w3c.W3CHttpResponseCodec.decode(W3CHttpResponseCodec.java:133)
	at org.openqa.selenium.remote.codec.w3c.W3CHttpResponseCodec.decode(W3CHttpResponseCodec.java:52)
	at org.openqa.selenium.remote.HttpCommandExecutor.execute(HttpCommandExecutor.java:191)
	at org.openqa.selenium.remote.service.DriverCommandExecutor.invokeExecute(DriverCommandExecutor.java:196)
	at org.openqa.selenium.remote.service.DriverCommandExecutor.execute(DriverCommandExecutor.java:171)
	at org.openqa.selenium.remote.RemoteWebDriver.execute(RemoteWebDriver.java:602)
	at org.openqa.selenium.remote.RemoteWebElement.execute(RemoteWebElement.java:224)
	at org.openqa.selenium.remote.RemoteWebElement.click(RemoteWebElement.java:77)
	at com.codeborne.selenide.commands.Click.defaultClick(Click.java:97)
	at com.codeborne.selenide.commands.Click.click(Click.java:54)
	at com.codeborne.selenide.commands.Click.execute(Click.java:31)
	at com.codeborne.selenide.commands.Click.execute(Click.java:21)
	at com.codeborne.selenide.commands.Commands.execute(Commands.java:165)
	at com.codeborne.selenide.impl.SelenideElementProxy.dispatchAndRetry(SelenideElementProxy.java:132)
	... 30 more
</pre></div></td>
<td>8</td>
<td>testSuite.TestInteractWithSelectAndAlertFieldsSuite@645aa696</td></tr>
</table><p>
<table width='100%' border='1' class='invocation-passed'>
<tr><td colspan='4' align='center'><b>PASSED TESTS</b></td></tr>
<tr><td><b>Test method</b></td>
<td width="30%"><b>Exception</b></td>
<td width="10%"><b>Time (seconds)</b></td>
<td><b>Instance</b></td>
</tr>
<tr>
<td title='testSuite.TestInteractWithSelectAndAlertFieldsSuite.testingDropdownPage()'><b>testingDropdownPage</b><br>Test class: testSuite.TestInteractWithSelectAndAlertFieldsSuite<br>Test method: Testing Dropdown page</td>
<td></td>
<td>6</td>
<td>testSuite.TestInteractWithSelectAndAlertFieldsSuite@645aa696</td></tr>
<tr>
<td title='testSuite.TestInteractWithSelectAndAlertFieldsSuite.openLetcodePage()'><b>openLetcodePage</b><br>Test class: testSuite.TestInteractWithSelectAndAlertFieldsSuite<br>Test method: Открытие страницы Letcode</td>
<td></td>
<td>1</td>
<td>testSuite.TestInteractWithSelectAndAlertFieldsSuite@645aa696</td></tr>
<tr>
<td title='testSuite.TestInteractWithSelectAndAlertFieldsSuite.openSelectPage()'><b>openSelectPage</b><br>Test class: testSuite.TestInteractWithSelectAndAlertFieldsSuite<br>Test method: Open Drop-Down Page</td>
<td></td>
<td>1</td>
<td>testSuite.TestInteractWithSelectAndAlertFieldsSuite@645aa696</td></tr>
<tr>
<td title='testSuite.TestInteractWithSelectAndAlertFieldsSuite.openDialogPage()'><b>openDialogPage</b><br>Test class: testSuite.TestInteractWithSelectAndAlertFieldsSuite<br>Test method: Open Alert Page</td>
<td></td>
<td>3</td>
<td>testSuite.TestInteractWithSelectAndAlertFieldsSuite@645aa696</td></tr>
</table><p>
</body>
</html>