<!DOCTYPE html PUBLIC "-//W3C//DTD XHTML 1.1//EN" "https://www.w3.org/TR/xhtml11/DTD/xhtml11.dtd">
<html xmlns="https://www.w3.org/1999/xhtml">
<head>
<meta http-equiv="content-type" content="text/html; charset=UTF-8"/>
<title>TestNG Report</title>
<style type="text/css">table {margin-bottom:10px;border-collapse:collapse;empty-cells:show}th,td {border:1px solid #009;padding:.25em .5em}th {vertical-align:bottom}td {vertical-align:top}table a {font-weight:bold}.stripe td {background-color: #E6EBF9}.num {text-align:right}.passedodd td {background-color: #3F3}.passedeven td {background-color: #0A0}.skippedodd td {background-color: #DDD}.skippedeven td {background-color: #CCC}.failedodd td,.attn {background-color: #F33}.failedeven td,.stripe .attn {background-color: #D00}.stacktrace {white-space:pre;font-family:monospace}.totop {font-size:85%;text-align:center;border-bottom:2px solid #000}.invisible {display:none}</style>
</head>
<body>
<table>
<tr><th>Test</th><th># Passed</th><th># Skipped</th><th># Retried</th><th># Failed</th><th>Time (ms)</th><th>Included Groups</th><th>Excluded Groups</th></tr>
<tr><th colspan="8">SuiteFortestSuite.TestInteractWithInputAndButtonFieldsSuite</th></tr>
<tr><td><a href="#t0">testSuite.TestInteractWithInputAndButtonFieldsSuite</a></td><td class="num">5</td><td class="num">0</td><td class="num">0</td><td class="num">0</td><td class="num">21,628</td><td></td><td></td></tr>
<tr><th colspan="8">SuiteFortestSuite.TestInteractWithFramesAndIframeFieldsSuite</th></tr>
<tr class="stripe"><td><a href="#t1">testSuite.TestInteractWithFramesAndIframeFieldsSuite</a></td><td class="num">4</td><td class="num">0</td><td class="num">0</td><td class="num">0</td><td class="num">20,645</td><td></td><td></td></tr>
<tr><th colspan="8">SuiteFortestSuite.TestInteractWithSelectAndAlertFieldsSuite</th></tr>
<tr><td><a href="#t2">testSuite.TestInteractWithSelectAndAlertFieldsSuite</a></td><td class="num">4</td><td class="num">0</td><td class="num">0</td><td class="num attn">1</td><td class="num">28,493</td><td></td><td></td></tr>
<tr><th>Total</th><th class="num">13</th><th class="num">0</th><th class="num">0</th><th class="num attn">1</th><th class="num">70,766</th><th colspan="2"></th></tr>
</table>
<table id='summary'><thead><tr><th>Class</th><th>Method</th><th>Start</th><th>Time (ms)</th></tr></thead><tbody><tr><th colspan="4">SuiteFortestSuite.TestInteractWithInputAndButtonFieldsSuite</th></tr></tbody><tbody id="t0"><tr><th colspan="4">testSuite.TestInteractWithInputAndButtonFieldsSuite &#8212; passed</th></tr><tr class="passedeven"><td rowspan="5">testSuite.TestInteractWithInputAndButtonFieldsSuite</td><td><a href="#m0">interactWithButtonPage</a></td><td rowspan="1">1716287552170</td><td rowspan="1">5472</td></tr><tr class="passedeven"><td><a href="#m1">interactWithinputPage</a></td><td rowspan="1">1716287557758</td><td rowspan="1">3063</td></tr><tr class="passedeven"><td><a href="#m2">openButtonPage</a></td><td rowspan="1">1716287560827</td><td rowspan="1">2178</td></tr><tr class="passedeven"><td><a href="#m3">openInputPage</a></td><td rowspan="1">1716287563008</td><td rowspan="1">1648</td></tr><tr class="passedeven"><td><a href="#m4">openLetcodePage</a></td><td rowspan="1">1716287564658</td><td rowspan="1">1540</td></tr></tbody>
<tbody><tr><th colspan="4">SuiteFortestSuite.TestInteractWithFramesAndIframeFieldsSuite</th></tr></tbody><tbody id="t1"><tr><th colspan="4">testSuite.TestInteractWithFramesAndIframeFieldsSuite &#8212; passed</th></tr><tr class="passedeven"><td rowspan="4">testSuite.TestInteractWithFramesAndIframeFieldsSuite</td><td><a href="#m5">openFramePage</a></td><td rowspan="1">1716287606043</td><td rowspan="1">3454</td></tr><tr class="passedeven"><td><a href="#m6">openRadioCheckboxPage</a></td><td rowspan="1">1716287609501</td><td rowspan="1">1499</td></tr><tr class="passedeven"><td><a href="#m7">testingFramePage</a></td><td rowspan="1">1716287611004</td><td rowspan="1">2978</td></tr><tr class="passedeven"><td><a href="#m8">testingRadioCheckboxPage</a></td><td rowspan="1">1716287613984</td><td rowspan="1">1664</td></tr></tbody>
<tbody><tr><th colspan="4">SuiteFortestSuite.TestInteractWithSelectAndAlertFieldsSuite</th></tr></tbody><tbody id="t2"><tr><th colspan="4">testSuite.TestInteractWithSelectAndAlertFieldsSuite &#8212; failed</th></tr><tr class="failedeven"><td rowspan="1">testSuite.TestInteractWithSelectAndAlertFieldsSuite</td><td><a href="#m9">testingAlertPage</a></td><td rowspan="1">1716287579736</td><td rowspan="1">8266</td></tr><tr><th colspan="4">testSuite.TestInteractWithSelectAndAlertFieldsSuite &#8212; passed</th></tr><tr class="passedeven"><td rowspan="4">testSuite.TestInteractWithSelectAndAlertFieldsSuite</td><td><a href="#m10">openDialogPage</a></td><td rowspan="1">1716287573222</td><td rowspan="1">3159</td></tr><tr class="passedeven"><td><a href="#m11">openLetcodePage</a></td><td rowspan="1">1716287576385</td><td rowspan="1">1790</td></tr><tr class="passedeven"><td><a href="#m12">openSelectPage</a></td><td rowspan="1">1716287578178</td><td rowspan="1">1556</td></tr><tr class="passedeven"><td><a href="#m13">testingDropdownPage</a></td><td rowspan="1">1716287588021</td><td rowspan="1">6787</td></tr></tbody>
</table>
<h2>testSuite.TestInteractWithInputAndButtonFieldsSuite</h2><h3 id="m0">testSuite.TestInteractWithInputAndButtonFieldsSuite#interactWithButtonPage</h3><table class="result"><tr><th class="invisible"/></tr></table><p class="totop"><a href="#summary">back to summary</a></p>
<h3 id="m1">testSuite.TestInteractWithInputAndButtonFieldsSuite#interactWithinputPage</h3><table class="result"><tr><th class="invisible"/></tr></table><p class="totop"><a href="#summary">back to summary</a></p>
<h3 id="m2">testSuite.TestInteractWithInputAndButtonFieldsSuite#openButtonPage</h3><table class="result"><tr><th class="invisible"/></tr></table><p class="totop"><a href="#summary">back to summary</a></p>
<h3 id="m3">testSuite.TestInteractWithInputAndButtonFieldsSuite#openInputPage</h3><table class="result"><tr><th class="invisible"/></tr></table><p class="totop"><a href="#summary">back to summary</a></p>
<h3 id="m4">testSuite.TestInteractWithInputAndButtonFieldsSuite#openLetcodePage</h3><table class="result"><tr><th class="invisible"/></tr></table><p class="totop"><a href="#summary">back to summary</a></p>
<h2>testSuite.TestInteractWithFramesAndIframeFieldsSuite</h2><h3 id="m5">testSuite.TestInteractWithFramesAndIframeFieldsSuite#openFramePage</h3><table class="result"><tr><th class="invisible"/></tr></table><p class="totop"><a href="#summary">back to summary</a></p>
<h3 id="m6">testSuite.TestInteractWithFramesAndIframeFieldsSuite#openRadioCheckboxPage</h3><table class="result"><tr><th class="invisible"/></tr></table><p class="totop"><a href="#summary">back to summary</a></p>
<h3 id="m7">testSuite.TestInteractWithFramesAndIframeFieldsSuite#testingFramePage</h3><table class="result"><tr><th class="invisible"/></tr></table><p class="totop"><a href="#summary">back to summary</a></p>
<h3 id="m8">testSuite.TestInteractWithFramesAndIframeFieldsSuite#testingRadioCheckboxPage</h3><table class="result"><tr><th class="invisible"/></tr></table><p class="totop"><a href="#summary">back to summary</a></p>
<h2>testSuite.TestInteractWithSelectAndAlertFieldsSuite</h2><h3 id="m9">testSuite.TestInteractWithSelectAndAlertFieldsSuite#testingAlertPage</h3><table class="result"><tr><th>Exception</th></tr><tr><td><div class="stacktrace">Invalid element state [By.id: modern]: element click intercepted: Element &lt;button id=&quot;modern&quot; class=&quot;button is-success&quot;&gt;...&lt;/button&gt; is not clickable at point (176, 20). Other element would receive the click: &lt;a _ngcontent-serverapp-c98=&quot;&quot; routerlinkactive=&quot;is-tab&quot; routerlink=&quot;/test&quot; id=&quot;testing&quot; class=&quot;navbar-item&quot; href=&quot;/test&quot;&gt;...&lt;/a&gt;
Screenshot: file:/C:/Users/Sergey/IdeaProjects/GradleProject/build/reports/tests/1716287587385.0.png
Page source: file:/C:/Users/Sergey/IdeaProjects/GradleProject/build/reports/tests/1716287587385.0.html
Timeout: 5 s.
Caused by: ElementClickInterceptedException: element click intercepted: Element &lt;button id=&quot;modern&quot; class=&quot;button is-success&quot;&gt;...&lt;/button&gt; is not clickable at point (176, 20). Other element would receive the click: &lt;a _ngcontent-serverapp-c98=&quot;&quot; routerlinkactive=&quot;is-tab&quot; routerlink=&quot;/test&quot; id=&quot;testing&quot; class=&quot;navbar-item&quot; href=&quot;/test&quot;&gt;...&lt;/a&gt;
	at com.codeborne.selenide.impl.ExceptionWrapper.wrap(ExceptionWrapper.java:26)
	at com.codeborne.selenide.impl.SelenideElementProxy.dispatchAndRetry(SelenideElementProxy.java:154)
	at com.codeborne.selenide.impl.SelenideElementProxy.invoke(SelenideElementProxy.java:84)
	at com.sun.proxy.$Proxy16.click(Unknown Source)
	at pages.InteractWithSelectAndAlertFieldsPage.sweetAlert(InteractWithSelectAndAlertFieldsPage.java:83)
	at testSuite.TestInteractWithSelectAndAlertFieldsSuite.testingAlertPage(TestInteractWithSelectAndAlertFieldsSuite.java:57)
	at java.base/java.util.ArrayList.forEach(ArrayList.java:1541)
	at testRunner.Runner.main(Runner.java:30)
Caused by: org.openqa.selenium.ElementClickInterceptedException: element click intercepted: Element &lt;button id=&quot;modern&quot; class=&quot;button is-success&quot;&gt;...&lt;/button&gt; is not clickable at point (176, 20). Other element would receive the click: &lt;a _ngcontent-serverapp-c98=&quot;&quot; routerlinkactive=&quot;is-tab&quot; routerlink=&quot;/test&quot; id=&quot;testing&quot; class=&quot;navbar-item&quot; href=&quot;/test&quot;&gt;...&lt;/a&gt;
  (Session info: chrome=125.0.6422.60)
Build info: version: &apos;4.13.0&apos;, revision: &apos;ba948ece5b*&apos;
System info: os.name: &apos;Windows 11&apos;, os.arch: &apos;amd64&apos;, os.version: &apos;10.0&apos;, java.version: &apos;11.0.16.1&apos;
Driver info: org.openqa.selenium.chrome.ChromeDriver
Command: [ea8ffae702b9942895b442f0e152de02, clickElement {id=f.1809FB87F06B358704C3274C3BCC8176.d.42496EF132EAF2C8CABF4CE9243D2B25.e.182}]
Capabilities {acceptInsecureCerts: true, browserName: chrome, browserVersion: 125.0.6422.60, chrome: {chromedriverVersion: 125.0.6422.60 (3ac3319bff9f..., userDataDir: C:\Users\Sergey\AppData\Loc...}, fedcm:accounts: true, goog:chromeOptions: {debuggerAddress: localhost:38640}, networkConnectionEnabled: false, pageLoadStrategy: normal, platformName: windows, proxy: Proxy(), se:cdp: ws://localhost:38640/devtoo..., se:cdpVersion: 125.0.6422.60, setWindowRect: true, strictFileInteractability: false, timeouts: {implicit: 0, pageLoad: 300000, script: 30000}, unhandledPromptBehavior: accept, webauthn:extension:credBlob: true, webauthn:extension:largeBlob: true, webauthn:extension:minPinLength: true, webauthn:extension:prf: true, webauthn:virtualAuthenticators: true}
Element: [[ChromeDriver: chrome on windows (ea8ffae702b9942895b442f0e152de02)] -&gt; id: modern]
Session ID: ea8ffae702b9942895b442f0e152de02
	at org.openqa.selenium.remote.codec.w3c.W3CHttpResponseCodec.createException(W3CHttpResponseCodec.java:200)
	at org.openqa.selenium.remote.codec.w3c.W3CHttpResponseCodec.decode(W3CHttpResponseCodec.java:133)
	at org.openqa.selenium.remote.codec.w3c.W3CHttpResponseCodec.decode(W3CHttpResponseCodec.java:52)
	at org.openqa.selenium.remote.HttpCommandExecutor.execute(HttpCommandExecutor.java:191)
	at org.openqa.selenium.remote.service.DriverCommandExecutor.invokeExecute(DriverCommandExecutor.java:196)
	at org.openqa.selenium.remote.service.DriverCommandExecutor.execute(DriverCommandExecutor.java:171)
	at org.openqa.selenium.remote.RemoteWebDriver.execute(RemoteWebDriver.java:602)
	at org.openqa.selenium.remote.RemoteWebElement.execute(RemoteWebElement.java:224)
	at org.openqa.selenium.remote.RemoteWebElement.click(RemoteWebElement.java:77)
	at com.codeborne.selenide.commands.Click.defaultClick(Click.java:97)
	at com.codeborne.selenide.commands.Click.click(Click.java:54)
	at com.codeborne.selenide.commands.Click.execute(Click.java:31)
	at com.codeborne.selenide.commands.Click.execute(Click.java:21)
	at com.codeborne.selenide.commands.Commands.execute(Commands.java:165)
	at com.codeborne.selenide.impl.SelenideElementProxy.dispatchAndRetry(SelenideElementProxy.java:132)
	... 30 more
... Removed 28 stack frames</div></td></tr></table><p class="totop"><a href="#summary">back to summary</a></p>
<h3 id="m10">testSuite.TestInteractWithSelectAndAlertFieldsSuite#openDialogPage</h3><table class="result"><tr><th class="invisible"/></tr></table><p class="totop"><a href="#summary">back to summary</a></p>
<h3 id="m11">testSuite.TestInteractWithSelectAndAlertFieldsSuite#openLetcodePage</h3><table class="result"><tr><th class="invisible"/></tr></table><p class="totop"><a href="#summary">back to summary</a></p>
<h3 id="m12">testSuite.TestInteractWithSelectAndAlertFieldsSuite#openSelectPage</h3><table class="result"><tr><th class="invisible"/></tr></table><p class="totop"><a href="#summary">back to summary</a></p>
<h3 id="m13">testSuite.TestInteractWithSelectAndAlertFieldsSuite#testingDropdownPage</h3><table class="result"><tr><th class="invisible"/></tr></table><p class="totop"><a href="#summary">back to summary</a></p>
</body>
</html>
